[handleMsg]:  {
  key: {
    remoteJid: '573217867112@s.whatsapp.net',
    fromMe: false,
    id: 'F6EBBDF5D59CEC34E6',
    participant: undefined
  },
  messageTimestamp: 1710700915,
  pushName: 'Jeysson',
  broadcast: false,
  message: Message {
    imageMessage: ImageMessage {
      interactiveAnnotations: [],
      scanLengths: [],
      url: 'https://mmg.whatsapp.net/o1/v/t62.7118-24/f1/m239/up-oil-image-d87d4c8f-3467-4ff2-ba9a-f0c989a79746?ccb=9-4&oh=01_AdRB4VU1hBj5e548dpw59AOxDPiZ4lcTsk2P9rr9pvNYBQ&oe=661EC1AD&_nc_sid=000000&mms3=true',
      mimetype: 'image/jpeg',
      caption: '',
      fileSha256: [Uint8Array],
      fileLength: [Long],
      height: 67,
      width: 343,
      mediaKey: [Uint8Array],
      fileEncSha256: [Uint8Array],
      directPath: '/o1/v/t62.7118-24/f1/m239/up-oil-image-d87d4c8f-3467-4ff2-ba9a-f0c989a79746?ccb=9-4&oh=01_AdRB4VU1hBj5e548dpw59AOxDPiZ4lcTsk2P9rr9pvNYBQ&oe=661EC1AD&_nc_sid=000000',
      mediaKeyTimestamp: [Long],
      jpegThumbnail: [Uint8Array],
      contextInfo: [ContextInfo]
    },
    messageContextInfo: MessageContextInfo {
      deviceListMetadata: [DeviceListMetadata],
      deviceListMetadataVersion: 2
    }
  },
  body: '_event_media__28f57202-7408-4f0d-a6f0-788c6f881527',
  from: '573217867112'
}
[QUEUE_SE_ENVIO]:  {
  ref: 'ans_4c570060-5c37-4152-81f0-9b78d53d3a5a',
  keyword: 'key_a911967a-903f-4486-ac26-54077079b3e6',
  answer: '__call_action__',
  options: {
    media: null,
    buttons: [],
    capture: false,
    child: null,
    delay: 0,
    idle: null,
    ref: null,
    nested: [],
    keyword: {},
    callback: true
  },
  refSerialize: '1a9dcac9a8d79c2b2ae41ce61becd048'
}
